<?xml version="1.0" encoding="UTF-8"?>
<coverage generated="1763580917964" clover="3.2.0">
  <project timestamp="1763580917964" name="All files">
    <metrics statements="82" coveredstatements="77" conditionals="50" coveredconditionals="40" methods="34" coveredmethods="26" elements="166" coveredelements="143" complexity="0" loc="82" ncloc="82" packages="1" files="7" classes="7"/>
    <file name="imageAPI.ts" path="/Users/kassandrabeas/Desktop/CST 438-01/cst438_p3_frontend/src/lib/imageAPI.ts">
      <metrics statements="13" coveredstatements="13" conditionals="8" coveredconditionals="5" methods="1" coveredmethods="1"/>
      <line num="6" count="3" type="stmt"/>
      <line num="7" count="3" type="cond" truecount="2" falsecount="0"/>
      <line num="8" count="2" type="stmt"/>
      <line num="9" count="2" type="stmt"/>
      <line num="10" count="2" type="cond" truecount="1" falsecount="1"/>
      <line num="12" count="2" type="stmt"/>
      <line num="13" count="1" type="stmt"/>
      <line num="14" count="1" type="cond" truecount="1" falsecount="1"/>
      <line num="16" count="1" type="stmt"/>
      <line num="17" count="1" type="stmt"/>
      <line num="18" count="1" type="cond" truecount="1" falsecount="1"/>
      <line num="21" count="1" type="stmt"/>
      <line num="22" count="1" type="stmt"/>
    </file>
    <file name="postsStore.ts" path="/Users/kassandrabeas/Desktop/CST 438-01/cst438_p3_frontend/src/lib/postsStore.ts">
      <metrics statements="19" coveredstatements="14" conditionals="8" coveredconditionals="4" methods="11" coveredmethods="5"/>
      <line num="15" count="1" type="stmt"/>
      <line num="17" count="1" type="stmt"/>
      <line num="27" count="5" type="stmt"/>
      <line num="30" count="6" type="stmt"/>
      <line num="31" count="6" type="cond" truecount="2" falsecount="0"/>
      <line num="32" count="3" type="stmt"/>
      <line num="36" count="1" type="stmt"/>
      <line num="37" count="1" type="stmt"/>
      <line num="43" count="1" type="stmt"/>
      <line num="44" count="1" type="stmt"/>
      <line num="45" count="1" type="stmt"/>
      <line num="49" count="1" type="stmt"/>
      <line num="50" count="2" type="cond" truecount="2" falsecount="0"/>
      <line num="51" count="1" type="stmt"/>
      <line num="55" count="0" type="stmt"/>
      <line num="60" count="0" type="stmt"/>
      <line num="61" count="0" type="stmt"/>
      <line num="62" count="0" type="cond" truecount="0" falsecount="2"/>
      <line num="66" count="0" type="cond" truecount="0" falsecount="2"/>
    </file>
    <file name="profile.ts" path="/Users/kassandrabeas/Desktop/CST 438-01/cst438_p3_frontend/src/lib/profile.ts">
      <metrics statements="5" coveredstatements="5" conditionals="8" coveredconditionals="8" methods="3" coveredmethods="3"/>
      <line num="6" count="1" type="stmt"/>
      <line num="19" count="3" type="stmt"/>
      <line num="24" count="3" type="stmt"/>
      <line num="32" count="2" type="stmt"/>
      <line num="40" count="1" type="stmt"/>
    </file>
    <file name="strings.ts" path="/Users/kassandrabeas/Desktop/CST 438-01/cst438_p3_frontend/src/lib/strings.ts">
      <metrics statements="5" coveredstatements="5" conditionals="6" coveredconditionals="6" methods="2" coveredmethods="2"/>
      <line num="5" count="5" type="stmt"/>
      <line num="6" count="5" type="cond" truecount="2" falsecount="0"/>
      <line num="11" count="3" type="cond" truecount="2" falsecount="0"/>
      <line num="12" count="2" type="cond" truecount="2" falsecount="0"/>
      <line num="13" count="1" type="stmt"/>
    </file>
    <file name="team.ts" path="/Users/kassandrabeas/Desktop/CST 438-01/cst438_p3_frontend/src/lib/team.ts">
      <metrics statements="4" coveredstatements="4" conditionals="4" coveredconditionals="4" methods="2" coveredmethods="2"/>
      <line num="7" count="1" type="stmt"/>
      <line num="10" count="3" type="stmt"/>
      <line num="11" count="3" type="cond" truecount="4" falsecount="0"/>
      <line num="15" count="2" type="stmt"/>
    </file>
    <file name="utils.ts" path="/Users/kassandrabeas/Desktop/CST 438-01/cst438_p3_frontend/src/lib/utils.ts">
      <metrics statements="10" coveredstatements="10" conditionals="4" coveredconditionals="4" methods="5" coveredmethods="5"/>
      <line num="8" count="2" type="cond" truecount="2" falsecount="0"/>
      <line num="9" count="3" type="stmt"/>
      <line num="14" count="1" type="stmt"/>
      <line num="15" count="2" type="cond" truecount="2" falsecount="0"/>
      <line num="17" count="1" type="stmt"/>
      <line num="23" count="1" type="stmt"/>
      <line num="24" count="1" type="stmt"/>
      <line num="25" count="1" type="stmt"/>
      <line num="26" count="1" type="stmt"/>
      <line num="27" count="1" type="stmt"/>
    </file>
    <file name="winners.ts" path="/Users/kassandrabeas/Desktop/CST 438-01/cst438_p3_frontend/src/lib/winners.ts">
      <metrics statements="26" coveredstatements="26" conditionals="12" coveredconditionals="9" methods="10" coveredmethods="8"/>
      <line num="15" count="1" type="stmt"/>
      <line num="18" count="4" type="stmt"/>
      <line num="19" count="4" type="stmt"/>
      <line num="20" count="4" type="stmt"/>
      <line num="21" count="4" type="stmt"/>
      <line num="22" count="4" type="stmt"/>
      <line num="25" count="2" type="stmt"/>
      <line num="26" count="2" type="stmt"/>
      <line num="27" count="2" type="stmt"/>
      <line num="28" count="2" type="stmt"/>
      <line num="32" count="2" type="stmt"/>
      <line num="36" count="3" type="stmt"/>
      <line num="37" count="3" type="cond" truecount="1" falsecount="1"/>
      <line num="41" count="1" type="stmt"/>
      <line num="46" count="1" type="stmt"/>
      <line num="47" count="1" type="stmt"/>
      <line num="49" count="1" type="stmt"/>
      <line num="50" count="1" type="cond" truecount="1" falsecount="1"/>
      <line num="52" count="1" type="stmt"/>
      <line num="53" count="1" type="stmt"/>
      <line num="54" count="1" type="cond" truecount="2" falsecount="0"/>
      <line num="56" count="1" type="cond" truecount="1" falsecount="1"/>
      <line num="58" count="1" type="stmt"/>
      <line num="60" count="1" type="stmt"/>
      <line num="70" count="1" type="stmt"/>
      <line num="74" count="1" type="stmt"/>
    </file>
  </project>
</coverage>
