<?xml version="1.0" encoding="UTF-8"?>
<coverage generated="1762312958924" clover="3.2.0">
  <project timestamp="1762312958924" name="All files">
    <metrics statements="15" coveredstatements="15" conditionals="10" coveredconditionals="10" methods="7" coveredmethods="7" elements="32" coveredelements="32" complexity="0" loc="15" ncloc="15" packages="1" files="2" classes="2"/>
    <file name="strings.ts" path="/Users/kassandrabeas/Desktop/CST 438-01/cst438_p3_frontend/src/lib/strings.ts">
      <metrics statements="5" coveredstatements="5" conditionals="6" coveredconditionals="6" methods="2" coveredmethods="2"/>
      <line num="5" count="5" type="stmt"/>
      <line num="6" count="5" type="cond" truecount="2" falsecount="0"/>
      <line num="11" count="3" type="cond" truecount="2" falsecount="0"/>
      <line num="12" count="2" type="cond" truecount="2" falsecount="0"/>
      <line num="13" count="1" type="stmt"/>
    </file>
    <file name="utils.ts" path="/Users/kassandrabeas/Desktop/CST 438-01/cst438_p3_frontend/src/lib/utils.ts">
      <metrics statements="10" coveredstatements="10" conditionals="4" coveredconditionals="4" methods="5" coveredmethods="5"/>
      <line num="8" count="2" type="cond" truecount="2" falsecount="0"/>
      <line num="9" count="3" type="stmt"/>
      <line num="14" count="1" type="stmt"/>
      <line num="15" count="2" type="cond" truecount="2" falsecount="0"/>
      <line num="17" count="1" type="stmt"/>
      <line num="23" count="1" type="stmt"/>
      <line num="24" count="1" type="stmt"/>
      <line num="25" count="1" type="stmt"/>
      <line num="26" count="1" type="stmt"/>
      <line num="27" count="1" type="stmt"/>
    </file>
  </project>
</coverage>
