{"/Users/kassandrabeas/Desktop/CST 438-01/cst438_p3_frontend/src/lib/imageAPI.ts": {"path":"/Users/kassandrabeas/Desktop/CST 438-01/cst438_p3_frontend/src/lib/imageAPI.ts","statementMap":{"0":{"start":{"line":6,"column":2},"end":{"line":23,"column":3}},"1":{"start":{"line":7,"column":4},"end":{"line":19,"column":5}},"2":{"start":{"line":8,"column":46},"end":{"line":8,"column":48}},"3":{"start":{"line":9,"column":18},"end":{"line":9,"column":53}},"4":{"start":{"line":10,"column":6},"end":{"line":10,"column":42}},"5":{"start":{"line":10,"column":15},"end":{"line":10,"column":42}},"6":{"start":{"line":12,"column":18},"end":{"line":12,"column":88}},"7":{"start":{"line":13,"column":19},"end":{"line":13,"column":35}},"8":{"start":{"line":14,"column":6},"end":{"line":14,"column":36}},"9":{"start":{"line":16,"column":18},"end":{"line":16,"column":72}},"10":{"start":{"line":17,"column":19},"end":{"line":17,"column":35}},"11":{"start":{"line":18,"column":6},"end":{"line":18,"column":35}},"12":{"start":{"line":21,"column":4},"end":{"line":21,"column":42}},"13":{"start":{"line":22,"column":4},"end":{"line":22,"column":16}}},"fnMap":{"0":{"name":"getRandomImage","decl":{"start":{"line":5,"column":22},"end":{"line":5,"column":36}},"loc":{"start":{"line":5,"column":73},"end":{"line":24,"column":1}},"line":5}},"branchMap":{"0":{"loc":{"start":{"line":7,"column":4},"end":{"line":19,"column":5}},"type":"if","locations":[{"start":{"line":7,"column":4},"end":{"line":19,"column":5}},{"start":{"line":15,"column":11},"end":{"line":19,"column":5}}],"line":7},"1":{"loc":{"start":{"line":10,"column":6},"end":{"line":10,"column":42}},"type":"if","locations":[{"start":{"line":10,"column":6},"end":{"line":10,"column":42}},{"start":{},"end":{}}],"line":10},"2":{"loc":{"start":{"line":14,"column":13},"end":{"line":14,"column":35}},"type":"binary-expr","locations":[{"start":{"line":14,"column":13},"end":{"line":14,"column":27}},{"start":{"line":14,"column":31},"end":{"line":14,"column":35}}],"line":14},"3":{"loc":{"start":{"line":18,"column":13},"end":{"line":18,"column":34}},"type":"binary-expr","locations":[{"start":{"line":18,"column":13},"end":{"line":18,"column":26}},{"start":{"line":18,"column":30},"end":{"line":18,"column":34}}],"line":18}},"s":{"0":3,"1":3,"2":2,"3":2,"4":2,"5":0,"6":2,"7":1,"8":1,"9":1,"10":1,"11":1,"12":1,"13":1},"f":{"0":3},"b":{"0":[2,1],"1":[0,2],"2":[1,0],"3":[1,0]},"_coverageSchema":"1a1c01bbd47fc00a2c39e90264f33305004495a9","hash":"9a4480bf475caf802d412cfaf94c150481a52862"}
,"/Users/kassandrabeas/Desktop/CST 438-01/cst438_p3_frontend/src/lib/postsStore.ts": {"path":"/Users/kassandrabeas/Desktop/CST 438-01/cst438_p3_frontend/src/lib/postsStore.ts","statementMap":{"0":{"start":{"line":15,"column":12},"end":{"line":15,"column":19}},"1":{"start":{"line":17,"column":21},"end":{"line":24,"column":1}},"2":{"start":{"line":27,"column":2},"end":{"line":27,"column":57}},"3":{"start":{"line":30,"column":14},"end":{"line":30,"column":45}},"4":{"start":{"line":31,"column":2},"end":{"line":31,"column":46}},"5":{"start":{"line":31,"column":14},"end":{"line":31,"column":31}},"6":{"start":{"line":31,"column":32},"end":{"line":31,"column":44}},"7":{"start":{"line":32,"column":2},"end":{"line":32,"column":35}},"8":{"start":{"line":36,"column":16},"end":{"line":36,"column":33}},"9":{"start":{"line":37,"column":24},"end":{"line":42,"column":3}},"10":{"start":{"line":43,"column":15},"end":{"line":43,"column":34}},"11":{"start":{"line":44,"column":2},"end":{"line":44,"column":19}},"12":{"start":{"line":45,"column":2},"end":{"line":45,"column":17}},"13":{"start":{"line":49,"column":16},"end":{"line":49,"column":33}},"14":{"start":{"line":50,"column":15},"end":{"line":50,"column":77}},"15":{"start":{"line":50,"column":30},"end":{"line":50,"column":76}},"16":{"start":{"line":51,"column":2},"end":{"line":51,"column":19}},"17":{"start":{"line":55,"column":2},"end":{"line":55,"column":37}},"18":{"start":{"line":60,"column":2},"end":{"line":63,"column":5}},"19":{"start":{"line":61,"column":14},"end":{"line":61,"column":45}},"20":{"start":{"line":62,"column":4},"end":{"line":62,"column":35}},"21":{"start":{"line":66,"column":2},"end":{"line":66,"column":89}},"22":{"start":{"line":66,"column":32},"end":{"line":66,"column":47}},"23":{"start":{"line":66,"column":61},"end":{"line":66,"column":76}}},"fnMap":{"0":{"name":"save","decl":{"start":{"line":26,"column":15},"end":{"line":26,"column":19}},"loc":{"start":{"line":26,"column":35},"end":{"line":28,"column":1}},"line":26},"1":{"name":"loadPosts","decl":{"start":{"line":29,"column":22},"end":{"line":29,"column":31}},"loc":{"start":{"line":29,"column":51},"end":{"line":33,"column":1}},"line":29},"2":{"name":"addPost","decl":{"start":{"line":35,"column":22},"end":{"line":35,"column":29}},"loc":{"start":{"line":35,"column":75},"end":{"line":46,"column":1}},"line":35},"3":{"name":"likePost","decl":{"start":{"line":48,"column":22},"end":{"line":48,"column":30}},"loc":{"start":{"line":48,"column":43},"end":{"line":52,"column":1}},"line":48},"4":{"name":"(anonymous_4)","decl":{"start":{"line":50,"column":25},"end":{"line":50,"column":26}},"loc":{"start":{"line":50,"column":30},"end":{"line":50,"column":76}},"line":50},"5":{"name":"clearAllPosts","decl":{"start":{"line":54,"column":22},"end":{"line":54,"column":35}},"loc":{"start":{"line":54,"column":38},"end":{"line":56,"column":1}},"line":54},"6":{"name":"postsWithin","decl":{"start":{"line":59,"column":16},"end":{"line":59,"column":27}},"loc":{"start":{"line":59,"column":73},"end":{"line":64,"column":1}},"line":59},"7":{"name":"(anonymous_7)","decl":{"start":{"line":60,"column":22},"end":{"line":60,"column":23}},"loc":{"start":{"line":60,"column":27},"end":{"line":63,"column":3}},"line":60},"8":{"name":"topByTeam","decl":{"start":{"line":65,"column":16},"end":{"line":65,"column":25}},"loc":{"start":{"line":65,"column":53},"end":{"line":67,"column":1}},"line":65},"9":{"name":"(anonymous_9)","decl":{"start":{"line":66,"column":27},"end":{"line":66,"column":28}},"loc":{"start":{"line":66,"column":32},"end":{"line":66,"column":47}},"line":66},"10":{"name":"(anonymous_10)","decl":{"start":{"line":66,"column":54},"end":{"line":66,"column":55}},"loc":{"start":{"line":66,"column":61},"end":{"line":66,"column":76}},"line":66}},"branchMap":{"0":{"loc":{"start":{"line":31,"column":2},"end":{"line":31,"column":46}},"type":"if","locations":[{"start":{"line":31,"column":2},"end":{"line":31,"column":46}},{"start":{},"end":{}}],"line":31},"1":{"loc":{"start":{"line":50,"column":30},"end":{"line":50,"column":76}},"type":"cond-expr","locations":[{"start":{"line":50,"column":44},"end":{"line":50,"column":72}},{"start":{"line":50,"column":75},"end":{"line":50,"column":76}}],"line":50},"2":{"loc":{"start":{"line":62,"column":11},"end":{"line":62,"column":34}},"type":"binary-expr","locations":[{"start":{"line":62,"column":11},"end":{"line":62,"column":22}},{"start":{"line":62,"column":26},"end":{"line":62,"column":34}}],"line":62},"3":{"loc":{"start":{"line":66,"column":9},"end":{"line":66,"column":88}},"type":"binary-expr","locations":[{"start":{"line":66,"column":9},"end":{"line":66,"column":80}},{"start":{"line":66,"column":84},"end":{"line":66,"column":88}}],"line":66}},"s":{"0":1,"1":1,"2":5,"3":6,"4":6,"5":3,"6":3,"7":3,"8":1,"9":1,"10":1,"11":1,"12":1,"13":1,"14":1,"15":2,"16":1,"17":0,"18":0,"19":0,"20":0,"21":0,"22":0,"23":0},"f":{"0":5,"1":6,"2":1,"3":1,"4":2,"5":0,"6":0,"7":0,"8":0,"9":0,"10":0},"b":{"0":[3,3],"1":[1,1],"2":[0,0],"3":[0,0]},"_coverageSchema":"1a1c01bbd47fc00a2c39e90264f33305004495a9","hash":"c03f3a7d4ab634196e16761686af2e708ea377fe"}
,"/Users/kassandrabeas/Desktop/CST 438-01/cst438_p3_frontend/src/lib/profile.ts": {"path":"/Users/kassandrabeas/Desktop/CST 438-01/cst438_p3_frontend/src/lib/profile.ts","statementMap":{"0":{"start":{"line":6,"column":16},"end":{"line":10,"column":1}},"1":{"start":{"line":19,"column":20},"end":{"line":23,"column":4}},"2":{"start":{"line":24,"column":2},"end":{"line":28,"column":4}},"3":{"start":{"line":32,"column":2},"end":{"line":36,"column":5}},"4":{"start":{"line":40,"column":2},"end":{"line":44,"column":5}}},"fnMap":{"0":{"name":"getLocalProfile","decl":{"start":{"line":18,"column":22},"end":{"line":18,"column":37}},"loc":{"start":{"line":18,"column":63},"end":{"line":29,"column":1}},"line":18},"1":{"name":"setLocalProfile","decl":{"start":{"line":31,"column":22},"end":{"line":31,"column":37}},"loc":{"start":{"line":31,"column":55},"end":{"line":37,"column":1}},"line":31},"2":{"name":"clearLocalProfile","decl":{"start":{"line":39,"column":22},"end":{"line":39,"column":39}},"loc":{"start":{"line":39,"column":42},"end":{"line":45,"column":1}},"line":39}},"branchMap":{"0":{"loc":{"start":{"line":25,"column":14},"end":{"line":25,"column":30}},"type":"binary-expr","locations":[{"start":{"line":25,"column":14},"end":{"line":25,"column":15}},{"start":{"line":25,"column":19},"end":{"line":25,"column":30}}],"line":25},"1":{"loc":{"start":{"line":26,"column":11},"end":{"line":26,"column":34}},"type":"binary-expr","locations":[{"start":{"line":26,"column":11},"end":{"line":26,"column":12}},{"start":{"line":26,"column":16},"end":{"line":26,"column":34}}],"line":26},"2":{"loc":{"start":{"line":27,"column":14},"end":{"line":27,"column":23}},"type":"binary-expr","locations":[{"start":{"line":27,"column":14},"end":{"line":27,"column":15}},{"start":{"line":27,"column":19},"end":{"line":27,"column":23}}],"line":27},"3":{"loc":{"start":{"line":35,"column":20},"end":{"line":35,"column":36}},"type":"binary-expr","locations":[{"start":{"line":35,"column":20},"end":{"line":35,"column":30}},{"start":{"line":35,"column":34},"end":{"line":35,"column":36}}],"line":35}},"s":{"0":1,"1":3,"2":3,"3":2,"4":1},"f":{"0":3,"1":2,"2":1},"b":{"0":[3,2],"1":[3,2],"2":[3,2],"3":[2,1]},"_coverageSchema":"1a1c01bbd47fc00a2c39e90264f33305004495a9","hash":"9736b42ec844b72be0a84c847ca93a0f176bdbcd"}
,"/Users/kassandrabeas/Desktop/CST 438-01/cst438_p3_frontend/src/lib/strings.ts": {"path":"/Users/kassandrabeas/Desktop/CST 438-01/cst438_p3_frontend/src/lib/strings.ts","statementMap":{"0":{"start":{"line":5,"column":16},"end":{"line":5,"column":42}},"1":{"start":{"line":6,"column":2},"end":{"line":6,"column":54}},"2":{"start":{"line":11,"column":2},"end":{"line":11,"column":26}},"3":{"start":{"line":11,"column":16},"end":{"line":11,"column":26}},"4":{"start":{"line":12,"column":2},"end":{"line":12,"column":38}},"5":{"start":{"line":12,"column":26},"end":{"line":12,"column":38}},"6":{"start":{"line":13,"column":2},"end":{"line":13,"column":51}}},"fnMap":{"0":{"name":"likesLabel","decl":{"start":{"line":4,"column":16},"end":{"line":4,"column":26}},"loc":{"start":{"line":4,"column":46},"end":{"line":7,"column":1}},"line":4},"1":{"name":"truncate","decl":{"start":{"line":10,"column":16},"end":{"line":10,"column":24}},"loc":{"start":{"line":10,"column":60},"end":{"line":14,"column":1}},"line":10}},"branchMap":{"0":{"loc":{"start":{"line":6,"column":21},"end":{"line":6,"column":51}},"type":"cond-expr","locations":[{"start":{"line":6,"column":35},"end":{"line":6,"column":41}},{"start":{"line":6,"column":44},"end":{"line":6,"column":51}}],"line":6},"1":{"loc":{"start":{"line":11,"column":2},"end":{"line":11,"column":26}},"type":"if","locations":[{"start":{"line":11,"column":2},"end":{"line":11,"column":26}},{"start":{},"end":{}}],"line":11},"2":{"loc":{"start":{"line":12,"column":2},"end":{"line":12,"column":38}},"type":"if","locations":[{"start":{"line":12,"column":2},"end":{"line":12,"column":38}},{"start":{},"end":{}}],"line":12}},"s":{"0":5,"1":5,"2":3,"3":1,"4":2,"5":1,"6":1},"f":{"0":5,"1":3},"b":{"0":[1,4],"1":[1,2],"2":[1,1]},"_coverageSchema":"1a1c01bbd47fc00a2c39e90264f33305004495a9","hash":"09e3feaabc0b2cb18a434a00eae7590303c2ff2f"}
,"/Users/kassandrabeas/Desktop/CST 438-01/cst438_p3_frontend/src/lib/team.ts": {"path":"/Users/kassandrabeas/Desktop/CST 438-01/cst438_p3_frontend/src/lib/team.ts","statementMap":{"0":{"start":{"line":7,"column":12},"end":{"line":7,"column":22}},"1":{"start":{"line":10,"column":12},"end":{"line":10,"column":43}},"2":{"start":{"line":11,"column":2},"end":{"line":11,"column":49}},"3":{"start":{"line":15,"column":2},"end":{"line":15,"column":40}}},"fnMap":{"0":{"name":"getTeam","decl":{"start":{"line":9,"column":22},"end":{"line":9,"column":29}},"loc":{"start":{"line":9,"column":54},"end":{"line":12,"column":1}},"line":9},"1":{"name":"setTeam","decl":{"start":{"line":14,"column":22},"end":{"line":14,"column":29}},"loc":{"start":{"line":14,"column":42},"end":{"line":16,"column":1}},"line":14}},"branchMap":{"0":{"loc":{"start":{"line":11,"column":9},"end":{"line":11,"column":48}},"type":"cond-expr","locations":[{"start":{"line":11,"column":40},"end":{"line":11,"column":41}},{"start":{"line":11,"column":44},"end":{"line":11,"column":48}}],"line":11},"1":{"loc":{"start":{"line":11,"column":9},"end":{"line":11,"column":37}},"type":"binary-expr","locations":[{"start":{"line":11,"column":9},"end":{"line":11,"column":21}},{"start":{"line":11,"column":25},"end":{"line":11,"column":37}}],"line":11}},"s":{"0":1,"1":3,"2":3,"3":2},"f":{"0":3,"1":2},"b":{"0":[2,1],"1":[3,2]},"_coverageSchema":"1a1c01bbd47fc00a2c39e90264f33305004495a9","hash":"3f2bc938c69c659b70834f575064914339ab176d"}
,"/Users/kassandrabeas/Desktop/CST 438-01/cst438_p3_frontend/src/lib/utils.ts": {"path":"/Users/kassandrabeas/Desktop/CST 438-01/cst438_p3_frontend/src/lib/utils.ts","statementMap":{"0":{"start":{"line":8,"column":2},"end":{"line":8,"column":26}},"1":{"start":{"line":8,"column":13},"end":{"line":8,"column":26}},"2":{"start":{"line":9,"column":2},"end":{"line":9,"column":44}},"3":{"start":{"line":9,"column":27},"end":{"line":9,"column":42}},"4":{"start":{"line":14,"column":2},"end":{"line":18,"column":5}},"5":{"start":{"line":15,"column":4},"end":{"line":15,"column":54}},"6":{"start":{"line":15,"column":29},"end":{"line":15,"column":54}},"7":{"start":{"line":17,"column":4},"end":{"line":17,"column":77}},"8":{"start":{"line":23,"column":12},"end":{"line":23,"column":25}},"9":{"start":{"line":24,"column":12},"end":{"line":24,"column":31}},"10":{"start":{"line":25,"column":14},"end":{"line":25,"column":28}},"11":{"start":{"line":26,"column":12},"end":{"line":26,"column":30}},"12":{"start":{"line":27,"column":2},"end":{"line":27,"column":28}}},"fnMap":{"0":{"name":"filterByTeam","decl":{"start":{"line":7,"column":16},"end":{"line":7,"column":28}},"loc":{"start":{"line":7,"column":92},"end":{"line":10,"column":1}},"line":7},"1":{"name":"(anonymous_1)","decl":{"start":{"line":9,"column":22},"end":{"line":9,"column":23}},"loc":{"start":{"line":9,"column":27},"end":{"line":9,"column":42}},"line":9},"2":{"name":"sortByLikesThenDate","decl":{"start":{"line":13,"column":16},"end":{"line":13,"column":35}},"loc":{"start":{"line":13,"column":73},"end":{"line":19,"column":1}},"line":13},"3":{"name":"(anonymous_3)","decl":{"start":{"line":14,"column":25},"end":{"line":14,"column":26}},"loc":{"start":{"line":14,"column":35},"end":{"line":18,"column":3}},"line":14},"4":{"name":"formatMDY","decl":{"start":{"line":22,"column":16},"end":{"line":22,"column":25}},"loc":{"start":{"line":22,"column":47},"end":{"line":28,"column":1}},"line":22}},"branchMap":{"0":{"loc":{"start":{"line":8,"column":2},"end":{"line":8,"column":26}},"type":"if","locations":[{"start":{"line":8,"column":2},"end":{"line":8,"column":26}},{"start":{},"end":{}}],"line":8},"1":{"loc":{"start":{"line":15,"column":4},"end":{"line":15,"column":54}},"type":"if","locations":[{"start":{"line":15,"column":4},"end":{"line":15,"column":54}},{"start":{},"end":{}}],"line":15}},"s":{"0":2,"1":1,"2":1,"3":3,"4":1,"5":2,"6":1,"7":1,"8":1,"9":1,"10":1,"11":1,"12":1},"f":{"0":2,"1":3,"2":1,"3":2,"4":1},"b":{"0":[1,1],"1":[1,1]},"_coverageSchema":"1a1c01bbd47fc00a2c39e90264f33305004495a9","hash":"db52b301ca241e3b391839b4175e6ed314942ffe"}
,"/Users/kassandrabeas/Desktop/CST 438-01/cst438_p3_frontend/src/lib/winners.ts": {"path":"/Users/kassandrabeas/Desktop/CST 438-01/cst438_p3_frontend/src/lib/winners.ts","statementMap":{"0":{"start":{"line":15,"column":12},"end":{"line":15,"column":27}},"1":{"start":{"line":18,"column":12},"end":{"line":18,"column":23}},"2":{"start":{"line":19,"column":14},"end":{"line":19,"column":24}},"3":{"start":{"line":20,"column":2},"end":{"line":20,"column":22}},"4":{"start":{"line":21,"column":2},"end":{"line":21,"column":31}},"5":{"start":{"line":22,"column":2},"end":{"line":22,"column":11}},"6":{"start":{"line":25,"column":12},"end":{"line":25,"column":26}},"7":{"start":{"line":26,"column":12},"end":{"line":26,"column":23}},"8":{"start":{"line":27,"column":2},"end":{"line":27,"column":29}},"9":{"start":{"line":28,"column":2},"end":{"line":28,"column":11}},"10":{"start":{"line":32,"column":2},"end":{"line":32,"column":52}},"11":{"start":{"line":36,"column":14},"end":{"line":36,"column":45}},"12":{"start":{"line":37,"column":2},"end":{"line":37,"column":56}},"13":{"start":{"line":41,"column":2},"end":{"line":41,"column":56}},"14":{"start":{"line":46,"column":18},"end":{"line":46,"column":36}},"15":{"start":{"line":47,"column":25},"end":{"line":47,"column":44}},"16":{"start":{"line":49,"column":17},"end":{"line":49,"column":87}},"17":{"start":{"line":49,"column":35},"end":{"line":49,"column":86}},"18":{"start":{"line":50,"column":2},"end":{"line":50,"column":21}},"19":{"start":{"line":50,"column":14},"end":{"line":50,"column":21}},"20":{"start":{"line":52,"column":19},"end":{"line":55,"column":4}},"21":{"start":{"line":53,"column":14},"end":{"line":53,"column":45}},"22":{"start":{"line":54,"column":4},"end":{"line":54,"column":53}},"23":{"start":{"line":56,"column":2},"end":{"line":56,"column":36}},"24":{"start":{"line":56,"column":29},"end":{"line":56,"column":36}},"25":{"start":{"line":58,"column":16},"end":{"line":58,"column":65}},"26":{"start":{"line":58,"column":44},"end":{"line":58,"column":61}},"27":{"start":{"line":60,"column":30},"end":{"line":69,"column":3}},"28":{"start":{"line":70,"column":2},"end":{"line":70,"column":41}},"29":{"start":{"line":74,"column":2},"end":{"line":74,"column":37}}},"fnMap":{"0":{"name":"startOfWeek","decl":{"start":{"line":17,"column":9},"end":{"line":17,"column":20}},"loc":{"start":{"line":17,"column":37},"end":{"line":23,"column":1}},"line":17},"1":{"name":"endOfWeek","decl":{"start":{"line":24,"column":9},"end":{"line":24,"column":18}},"loc":{"start":{"line":24,"column":35},"end":{"line":29,"column":1}},"line":24},"2":{"name":"currentWeekWindow","decl":{"start":{"line":31,"column":16},"end":{"line":31,"column":33}},"loc":{"start":{"line":31,"column":36},"end":{"line":33,"column":1}},"line":31},"3":{"name":"getWinners","decl":{"start":{"line":35,"column":22},"end":{"line":35,"column":32}},"loc":{"start":{"line":35,"column":60},"end":{"line":38,"column":1}},"line":35},"4":{"name":"saveWinners","decl":{"start":{"line":40,"column":15},"end":{"line":40,"column":26}},"loc":{"start":{"line":40,"column":49},"end":{"line":42,"column":1}},"line":40},"5":{"name":"closeWeekIfNeeded","decl":{"start":{"line":45,"column":22},"end":{"line":45,"column":39}},"loc":{"start":{"line":45,"column":55},"end":{"line":71,"column":1}},"line":45},"6":{"name":"(anonymous_6)","decl":{"start":{"line":49,"column":30},"end":{"line":49,"column":31}},"loc":{"start":{"line":49,"column":35},"end":{"line":49,"column":86}},"line":49},"7":{"name":"(anonymous_7)","decl":{"start":{"line":52,"column":32},"end":{"line":52,"column":33}},"loc":{"start":{"line":52,"column":37},"end":{"line":55,"column":3}},"line":52},"8":{"name":"(anonymous_8)","decl":{"start":{"line":58,"column":35},"end":{"line":58,"column":36}},"loc":{"start":{"line":58,"column":44},"end":{"line":58,"column":61}},"line":58},"9":{"name":"clearWinners","decl":{"start":{"line":73,"column":22},"end":{"line":73,"column":34}},"loc":{"start":{"line":73,"column":37},"end":{"line":75,"column":1}},"line":73}},"branchMap":{"0":{"loc":{"start":{"line":17,"column":21},"end":{"line":17,"column":35}},"type":"default-arg","locations":[{"start":{"line":17,"column":25},"end":{"line":17,"column":35}}],"line":17},"1":{"loc":{"start":{"line":24,"column":19},"end":{"line":24,"column":33}},"type":"default-arg","locations":[{"start":{"line":24,"column":23},"end":{"line":24,"column":33}}],"line":24},"2":{"loc":{"start":{"line":37,"column":9},"end":{"line":37,"column":55}},"type":"cond-expr","locations":[{"start":{"line":37,"column":16},"end":{"line":37,"column":49}},{"start":{"line":37,"column":53},"end":{"line":37,"column":55}}],"line":37},"3":{"loc":{"start":{"line":50,"column":2},"end":{"line":50,"column":21}},"type":"if","locations":[{"start":{"line":50,"column":2},"end":{"line":50,"column":21}},{"start":{},"end":{}}],"line":50},"4":{"loc":{"start":{"line":54,"column":11},"end":{"line":54,"column":52}},"type":"binary-expr","locations":[{"start":{"line":54,"column":11},"end":{"line":54,"column":31}},{"start":{"line":54,"column":35},"end":{"line":54,"column":52}}],"line":54},"5":{"loc":{"start":{"line":56,"column":2},"end":{"line":56,"column":36}},"type":"if","locations":[{"start":{"line":56,"column":2},"end":{"line":56,"column":36}},{"start":{},"end":{}}],"line":56},"6":{"loc":{"start":{"line":68,"column":14},"end":{"line":68,"column":45}},"type":"binary-expr","locations":[{"start":{"line":68,"column":14},"end":{"line":68,"column":37}},{"start":{"line":68,"column":41},"end":{"line":68,"column":45}}],"line":68}},"s":{"0":1,"1":4,"2":4,"3":4,"4":4,"5":4,"6":2,"7":2,"8":2,"9":2,"10":2,"11":3,"12":3,"13":1,"14":1,"15":1,"16":1,"17":0,"18":1,"19":0,"20":1,"21":1,"22":1,"23":1,"24":0,"25":1,"26":0,"27":1,"28":1,"29":1},"f":{"0":4,"1":2,"2":2,"3":3,"4":1,"5":1,"6":0,"7":1,"8":0,"9":1},"b":{"0":[2],"1":[2],"2":[0,3],"3":[0,1],"4":[1,1],"5":[0,1],"6":[1,1]},"_coverageSchema":"1a1c01bbd47fc00a2c39e90264f33305004495a9","hash":"b02068035bcc806057a300c59239598a61115ccc"}
}
