{"/Users/kassandrabeas/Desktop/CST 438-01/cst438_p3_frontend/src/lib/strings.ts": {"path":"/Users/kassandrabeas/Desktop/CST 438-01/cst438_p3_frontend/src/lib/strings.ts","statementMap":{"0":{"start":{"line":5,"column":16},"end":{"line":5,"column":42}},"1":{"start":{"line":6,"column":2},"end":{"line":6,"column":54}},"2":{"start":{"line":11,"column":2},"end":{"line":11,"column":26}},"3":{"start":{"line":11,"column":16},"end":{"line":11,"column":26}},"4":{"start":{"line":12,"column":2},"end":{"line":12,"column":38}},"5":{"start":{"line":12,"column":26},"end":{"line":12,"column":38}},"6":{"start":{"line":13,"column":2},"end":{"line":13,"column":51}}},"fnMap":{"0":{"name":"likesLabel","decl":{"start":{"line":4,"column":16},"end":{"line":4,"column":26}},"loc":{"start":{"line":4,"column":46},"end":{"line":7,"column":1}},"line":4},"1":{"name":"truncate","decl":{"start":{"line":10,"column":16},"end":{"line":10,"column":24}},"loc":{"start":{"line":10,"column":60},"end":{"line":14,"column":1}},"line":10}},"branchMap":{"0":{"loc":{"start":{"line":6,"column":21},"end":{"line":6,"column":51}},"type":"cond-expr","locations":[{"start":{"line":6,"column":35},"end":{"line":6,"column":41}},{"start":{"line":6,"column":44},"end":{"line":6,"column":51}}],"line":6},"1":{"loc":{"start":{"line":11,"column":2},"end":{"line":11,"column":26}},"type":"if","locations":[{"start":{"line":11,"column":2},"end":{"line":11,"column":26}},{"start":{},"end":{}}],"line":11},"2":{"loc":{"start":{"line":12,"column":2},"end":{"line":12,"column":38}},"type":"if","locations":[{"start":{"line":12,"column":2},"end":{"line":12,"column":38}},{"start":{},"end":{}}],"line":12}},"s":{"0":5,"1":5,"2":3,"3":1,"4":2,"5":1,"6":1},"f":{"0":5,"1":3},"b":{"0":[1,4],"1":[1,2],"2":[1,1]},"_coverageSchema":"1a1c01bbd47fc00a2c39e90264f33305004495a9","hash":"09e3feaabc0b2cb18a434a00eae7590303c2ff2f"}
,"/Users/kassandrabeas/Desktop/CST 438-01/cst438_p3_frontend/src/lib/utils.ts": {"path":"/Users/kassandrabeas/Desktop/CST 438-01/cst438_p3_frontend/src/lib/utils.ts","statementMap":{"0":{"start":{"line":8,"column":2},"end":{"line":8,"column":26}},"1":{"start":{"line":8,"column":13},"end":{"line":8,"column":26}},"2":{"start":{"line":9,"column":2},"end":{"line":9,"column":44}},"3":{"start":{"line":9,"column":27},"end":{"line":9,"column":42}},"4":{"start":{"line":14,"column":2},"end":{"line":18,"column":5}},"5":{"start":{"line":15,"column":4},"end":{"line":15,"column":54}},"6":{"start":{"line":15,"column":29},"end":{"line":15,"column":54}},"7":{"start":{"line":17,"column":4},"end":{"line":17,"column":77}},"8":{"start":{"line":23,"column":12},"end":{"line":23,"column":25}},"9":{"start":{"line":24,"column":12},"end":{"line":24,"column":31}},"10":{"start":{"line":25,"column":14},"end":{"line":25,"column":28}},"11":{"start":{"line":26,"column":12},"end":{"line":26,"column":30}},"12":{"start":{"line":27,"column":2},"end":{"line":27,"column":28}}},"fnMap":{"0":{"name":"filterByTeam","decl":{"start":{"line":7,"column":16},"end":{"line":7,"column":28}},"loc":{"start":{"line":7,"column":92},"end":{"line":10,"column":1}},"line":7},"1":{"name":"(anonymous_1)","decl":{"start":{"line":9,"column":22},"end":{"line":9,"column":23}},"loc":{"start":{"line":9,"column":27},"end":{"line":9,"column":42}},"line":9},"2":{"name":"sortByLikesThenDate","decl":{"start":{"line":13,"column":16},"end":{"line":13,"column":35}},"loc":{"start":{"line":13,"column":73},"end":{"line":19,"column":1}},"line":13},"3":{"name":"(anonymous_3)","decl":{"start":{"line":14,"column":25},"end":{"line":14,"column":26}},"loc":{"start":{"line":14,"column":35},"end":{"line":18,"column":3}},"line":14},"4":{"name":"formatMDY","decl":{"start":{"line":22,"column":16},"end":{"line":22,"column":25}},"loc":{"start":{"line":22,"column":47},"end":{"line":28,"column":1}},"line":22}},"branchMap":{"0":{"loc":{"start":{"line":8,"column":2},"end":{"line":8,"column":26}},"type":"if","locations":[{"start":{"line":8,"column":2},"end":{"line":8,"column":26}},{"start":{},"end":{}}],"line":8},"1":{"loc":{"start":{"line":15,"column":4},"end":{"line":15,"column":54}},"type":"if","locations":[{"start":{"line":15,"column":4},"end":{"line":15,"column":54}},{"start":{},"end":{}}],"line":15}},"s":{"0":2,"1":1,"2":1,"3":3,"4":1,"5":2,"6":1,"7":1,"8":1,"9":1,"10":1,"11":1,"12":1},"f":{"0":2,"1":3,"2":1,"3":2,"4":1},"b":{"0":[1,1],"1":[1,1]},"_coverageSchema":"1a1c01bbd47fc00a2c39e90264f33305004495a9","hash":"db52b301ca241e3b391839b4175e6ed314942ffe"}
}
