TN:
SF:src/lib/imageAPI.ts
FN:5,getRandomImage
FNF:1
FNH:1
FNDA:3,getRandomImage
DA:6,3
DA:7,3
DA:8,2
DA:9,2
DA:10,2
DA:12,2
DA:13,1
DA:14,1
DA:16,1
DA:17,1
DA:18,1
DA:21,1
DA:22,1
LF:13
LH:13
BRDA:7,0,0,2
BRDA:7,0,1,1
BRDA:10,1,0,0
BRDA:10,1,1,2
BRDA:14,2,0,1
BRDA:14,2,1,0
BRDA:18,3,0,1
BRDA:18,3,1,0
BRF:8
BRH:5
end_of_record
TN:
SF:src/lib/postsStore.ts
FN:26,save
FN:29,loadPosts
FN:35,addPost
FN:48,likePost
FN:50,(anonymous_4)
FN:54,clearAllPosts
FN:59,postsWithin
FN:60,(anonymous_7)
FN:65,topByTeam
FN:66,(anonymous_9)
FN:66,(anonymous_10)
FNF:11
FNH:5
FNDA:5,save
FNDA:6,loadPosts
FNDA:1,addPost
FNDA:1,likePost
FNDA:2,(anonymous_4)
FNDA:0,clearAllPosts
FNDA:0,postsWithin
FNDA:0,(anonymous_7)
FNDA:0,topByTeam
FNDA:0,(anonymous_9)
FNDA:0,(anonymous_10)
DA:15,1
DA:17,1
DA:27,5
DA:30,6
DA:31,6
DA:32,3
DA:36,1
DA:37,1
DA:43,1
DA:44,1
DA:45,1
DA:49,1
DA:50,2
DA:51,1
DA:55,0
DA:60,0
DA:61,0
DA:62,0
DA:66,0
LF:19
LH:14
BRDA:31,0,0,3
BRDA:31,0,1,3
BRDA:50,1,0,1
BRDA:50,1,1,1
BRDA:62,2,0,0
BRDA:62,2,1,0
BRDA:66,3,0,0
BRDA:66,3,1,0
BRF:8
BRH:4
end_of_record
TN:
SF:src/lib/profile.ts
FN:7,getUserKey
FN:17,getLocalProfile
FN:30,setLocalProfile
FN:38,clearLocalProfile
FNF:4
FNH:4
FNDA:18,getUserKey
FNDA:3,getLocalProfile
FNDA:2,setLocalProfile
FNDA:1,clearLocalProfile
DA:8,18
DA:18,3
DA:23,3
DA:31,2
DA:39,1
LF:5
LH:5
BRDA:24,0,0,3
BRDA:24,0,1,2
BRDA:25,1,0,3
BRDA:25,1,1,2
BRDA:26,2,0,3
BRDA:26,2,1,3
BRDA:34,3,0,2
BRDA:34,3,1,2
BRF:8
BRH:8
end_of_record
TN:
SF:src/lib/strings.ts
FN:4,likesLabel
FN:10,truncate
FNF:2
FNH:2
FNDA:5,likesLabel
FNDA:3,truncate
DA:5,5
DA:6,5
DA:11,3
DA:12,2
DA:13,1
LF:5
LH:5
BRDA:6,0,0,1
BRDA:6,0,1,4
BRDA:11,1,0,1
BRDA:11,1,1,2
BRDA:12,2,0,1
BRDA:12,2,1,1
BRF:6
BRH:6
end_of_record
TN:
SF:src/lib/team.ts
FN:9,getTeam
FN:14,setTeam
FNF:2
FNH:2
FNDA:3,getTeam
FNDA:2,setTeam
DA:7,1
DA:10,3
DA:11,3
DA:15,2
LF:4
LH:4
BRDA:11,0,0,2
BRDA:11,0,1,1
BRDA:11,1,0,3
BRDA:11,1,1,2
BRF:4
BRH:4
end_of_record
TN:
SF:src/lib/utils.ts
FN:7,filterByTeam
FN:9,(anonymous_1)
FN:13,sortByLikesThenDate
FN:14,(anonymous_3)
FN:22,formatMDY
FNF:5
FNH:5
FNDA:2,filterByTeam
FNDA:3,(anonymous_1)
FNDA:1,sortByLikesThenDate
FNDA:2,(anonymous_3)
FNDA:1,formatMDY
DA:8,2
DA:9,3
DA:14,1
DA:15,2
DA:17,1
DA:23,1
DA:24,1
DA:25,1
DA:26,1
DA:27,1
LF:10
LH:10
BRDA:8,0,0,1
BRDA:8,0,1,1
BRDA:15,1,0,1
BRDA:15,1,1,1
BRF:4
BRH:4
end_of_record
TN:
SF:src/lib/winners.ts
FN:17,startOfWeek
FN:25,endOfWeek
FN:32,currentWeekWindow
FN:36,getWinners
FN:41,saveWinners
FN:46,fetchAllPostsFromBackend
FN:67,closeWeekIfNeeded
FN:86,(anonymous_7)
FN:108,(anonymous_8)
FN:126,clearWinners
FNF:10
FNH:9
FNDA:2,startOfWeek
FNDA:1,endOfWeek
FNDA:1,currentWeekWindow
FNDA:3,getWinners
FNDA:1,saveWinners
FNDA:1,fetchAllPostsFromBackend
FNDA:1,closeWeekIfNeeded
FNDA:0,(anonymous_7)
FNDA:87,(anonymous_8)
FNDA:1,clearWinners
DA:14,1
DA:15,1
DA:18,2
DA:19,2
DA:20,2
DA:21,2
DA:22,2
DA:26,1
DA:27,1
DA:28,1
DA:29,1
DA:33,1
DA:37,3
DA:38,3
DA:42,1
DA:47,1
DA:48,1
DA:53,1
DA:54,1
DA:56,1
DA:58,0
DA:59,0
DA:68,1
DA:69,1
DA:72,1
DA:75,1
DA:76,0
DA:80,1
DA:81,1
DA:82,1
DA:85,1
DA:86,1
DA:87,0
DA:88,0
DA:92,1
DA:93,0
DA:94,0
DA:98,1
DA:101,1
DA:102,1
DA:103,0
DA:104,0
DA:108,87
DA:110,1
DA:121,1
DA:122,1
DA:123,1
DA:127,1
DA:128,1
LF:49
LH:40
BRDA:17,0,0,1
BRDA:25,1,0,1
BRDA:38,2,0,0
BRDA:38,2,1,3
BRDA:75,3,0,0
BRDA:75,3,1,1
BRDA:92,4,0,0
BRDA:92,4,1,1
BRDA:102,5,0,0
BRDA:102,5,1,1
BRDA:114,6,0,0
BRDA:114,6,1,1
BRDA:115,7,0,1
BRDA:115,7,1,0
BRDA:116,8,0,1
BRDA:116,8,1,0
BRDA:118,9,0,1
BRDA:118,9,1,0
BRF:18
BRH:10
end_of_record
